WARNING: NODE_ENV value of 'production' did not match any deployment config file names.
WARNING: See https://github.com/node-config/node-config/wiki/Strict-Mode
bigint: Failed to load bindings, pure JS will be used (try npm run rebuild?)
[2025-04-08 19:04:59.822] [[33mwarn[39m] [RPCService]: [33mWebSocketè¿æ¥åˆ›å»ºå¤±è´¥ï¼Œä½¿ç”¨HTTPè¿æ¥ä½œä¸ºå¤‡ç”¨[39m {"error":"Endpoint URL must start with `http:` or `https:`."}
[2025-04-08 19:04:59.822] [[34minfo[39m] [RPCService]: [34mRPCæœåŠ¡åˆå§‹åŒ–å®Œæˆ[39m {"cluster":"mainnet-beta","rpcUrl":"https://mainnet.helius-rpc.com/?api-key=97ca0bfd-3b50-42e0-8422-078e4cb4a80a","wsUrl":"wss://mainnet.helius-rpc.com/?api-key=97ca0bfd-3b50-42e0-8422-078e4cb4a80a","hasBackups":true,"hasWs":false}
[2025-04-08 19:04:59.822] [[34minfo[39m] [TokenValidator]: [34må¼€å§‹åŠ è½½ä»£å¸åˆ—è¡¨[39m {"whitelistPath":"./config/whitelist.json","blacklistPath":"./config/blacklist.json"}
[2025-04-08 19:04:59.822] [[34minfo[39m] [RiskManager]: [34må·²åŠ è½½ 2 ä¸ªé»‘åå•ä»£å¸[39m
[2025-04-08 19:04:59.822] [[34minfo[39m] [RiskManager]: [34mé£é™©æ§åˆ¶ä¸èµ„é‡‘ç®¡ç†ç³»ç»Ÿåˆå§‹åŒ–å®Œæˆ[39m
[2025-04-08 19:04:59.826] [[34minfo[39m] [ApiServer]: [34mAPIæœåŠ¡å™¨å·²å¯åŠ¨ï¼Œç›‘å¬ç«¯å£ 3000[39m
[2025-04-08 19:04:59.826] [[34minfo[39m] [ApiServerMain]: [34mAPIæœåŠ¡å™¨å·²æˆåŠŸå¯åŠ¨[39m
[2025-04-08 19:04:59.826] [[34minfo[39m] [TokenValidator]: [34må·²åŠ è½½ 0 ä¸ªç™½åå•ä»£å¸[39m
[2025-04-08 19:04:59.827] [[34minfo[39m] [TokenValidator]: [34må·²åŠ è½½ 0 ä¸ªé»‘åå•ä»£å¸å’Œ 0 ä¸ªé»‘åå•æ¨¡å¼[39m
[2025-04-08 19:04:59.827] [[34minfo[39m] [TokenValidator]: [34mä»£å¸åˆ—è¡¨åŠ è½½å®Œæˆ[39m {"whitelistSize":0,"blacklistSize":0,"blacklistPatterns":0}
[2025-04-08 19:08:01.297] [[34minfo[39m] [TokenController]: [34mé»‘åå•å·²æˆåŠŸä¿å­˜åˆ°: ./config/blacklist.json[39m
[2025-04-08 19:08:01.297] [[34minfo[39m] [RiskManager]: [34må·²å°†ä»£å¸æ·»åŠ åˆ°é»‘åå•: E3GzbpPTkHYUC4yk8y7jZ9DvhGDvsMxv2VqCNB7TKqhg[39m {"reason":"æµ‹è¯•é»‘åå•åŠŸèƒ½"}
[2025-04-08 19:20:23.536] [[34minfo[39m] [TokenController]: [34mé»‘åå•å·²æˆåŠŸä¿å­˜åˆ°: ./config/blacklist.json[39m
[2025-04-08 19:20:23.537] [[34minfo[39m] [RiskManager]: [34må·²å°†ä»£å¸æ·»åŠ åˆ°é»‘åå•: 5tTkZSZJWyxNBzZvqzxkC1hYPhvghtCDYxvwTyzoSKFU[39m {"reason":"æµ‹è¯•æ·»åŠ é»‘åå•"}
[2025-04-08 19:20:33.613] [[34minfo[39m] [TokenController]: [34mé»‘åå•å·²æˆåŠŸä¿å­˜åˆ°: ./config/blacklist.json[39m
[2025-04-08 19:20:33.613] [[34minfo[39m] [RiskManager]: [34må·²ä»é»‘åå•ç§»é™¤ä»£å¸: 5tTkZSZJWyxNBzZvqzxkC1hYPhvghtCDYxvwTyzoSKFU[39m
[2025-04-08 19:20:51.516] [[34minfo[39m] [TokenController]: [34mç™½åå•å·²æˆåŠŸä¿å­˜åˆ°: ./config/whitelist.json[39m
[2025-04-08 19:21:38.199] [[34minfo[39m] [TokenController]: [34mé»‘åå•å·²æˆåŠŸä¿å­˜åˆ°: ./config/blacklist.json[39m
[2025-04-08 19:21:38.199] [[34minfo[39m] [RiskManager]: [34må·²å°†ä»£å¸æ·»åŠ åˆ°é»‘åå•: 5tTkZSZJWyxNBzZvqzxkC1hYPhvghtCDYxvwTyzoSKFU[39m {"reason":"æµ‹è¯•é»‘åå•åŠŸèƒ½"}
[2025-04-08 19:21:47.422] [[34minfo[39m] [TokenController]: [34mé»‘åå•å·²æˆåŠŸä¿å­˜åˆ°: ./config/blacklist.json[39m
[2025-04-08 19:21:47.422] [[34minfo[39m] [RiskManager]: [34må·²ä»é»‘åå•ç§»é™¤ä»£å¸: 5tTkZSZJWyxNBzZvqzxkC1hYPhvghtCDYxvwTyzoSKFU[39m
[2025-04-08 19:22:03.988] [[34minfo[39m] [TokenController]: [34mç™½åå•å·²æˆåŠŸä¿å­˜åˆ°: ./config/whitelist.json[39m
[2025-04-08 19:24:37.205] [[34minfo[39m] [TokenController]: [34mé»‘åå•å·²æˆåŠŸä¿å­˜åˆ°: ./config/blacklist.json[39m
[2025-04-08 19:24:37.205] [[34minfo[39m] [RiskManager]: [34må·²å°†ä»£å¸æ·»åŠ åˆ°é»‘åå•: 7VG58H5vfrVgAqTvY7xzGAMrx13cXGKwYZJSJH2qtRQD[39m {"reason":"æµ‹è¯•æ·»åŠ åŠŸèƒ½"}
[2025-04-08 19:24:50.855] [[34minfo[39m] [TokenController]: [34mé»‘åå•å·²æˆåŠŸä¿å­˜åˆ°: ./config/blacklist.json[39m
[2025-04-08 19:24:50.855] [[34minfo[39m] [RiskManager]: [34må·²ä»é»‘åå•ç§»é™¤ä»£å¸: 7VG58H5vfrVgAqTvY7xzGAMrx13cXGKwYZJSJH2qtRQD[39m
[2025-04-08 19:25:08.857] [[34minfo[39m] [TokenController]: [34mç™½åå•å·²æˆåŠŸä¿å­˜åˆ°: ./config/whitelist.json[39m
