bigint: Failed to load bindings, pure JS will be used (try npm run rebuild?)
简单API服务器已启动，监听端口 8080
可以通过 http://localhost:8080/api-monitor.html 访问API监控页面
可以通过 http://localhost:8080/api/list 获取所有API列表
已注册以下API路由:
- GET /api/system/status
- GET /api/token-trends
- GET /api/profit-trends
- GET /api/transactions
- GET /api/tokens
- GET /api/pools
- GET /api/memory_stats.json
- GET /api/status
- GET /api/tokens/blacklist
- GET /api/tokens/whitelist
- GET /api/profit/summary
- GET /api/logs
- GET /api/status (额外保证)
- GET /api/memory_stats.json (额外保证)
服务器正在运行中...
2025-04-15T01:44:39.768Z - HEAD /api/system_status.json
处理系统状态请求
2025-04-15T01:44:43.808Z - GET /api/list
服务器心跳检测 - 保持活跃
服务器心跳检测 - 保持活跃
服务器心跳检测 - 保持活跃
2025-04-15T01:46:55.403Z - GET /dashboard.html
404错误: GET /dashboard.html
2025-04-15T01:46:55.643Z - GET /favicon.ico
2025-04-15T01:47:06.863Z - GET /
2025-04-15T01:47:06.871Z - GET /css/style.css
2025-04-15T01:47:06.872Z - GET /css/log-style.css
2025-04-15T01:47:07.097Z - GET /css/apple-log-style.css
2025-04-15T01:47:07.100Z - GET /img/logo.svg
2025-04-15T01:47:07.100Z - GET /js/dashboard.js
2025-04-15T01:47:07.160Z - GET /api/api/pools
2025-04-15T01:47:07.161Z - GET /api/api/system/status
2025-04-15T01:47:07.162Z - GET /api/api/system/info
404错误: GET /api/api/pools
404错误: GET /api/api/system/status
404错误: GET /api/api/system/info
2025-04-15T01:47:07.164Z - GET /api/api/transactions
404错误: GET /api/api/transactions
2025-04-15T01:47:07.165Z - GET /api/api/tokens
404错误: GET /api/api/tokens
2025-04-15T01:47:07.166Z - GET /api/api/profit-summary
404错误: GET /api/api/profit-summary
2025-04-15T01:47:08.313Z - GET /api/status
处理请求: /api/status
2025-04-15T01:47:08.509Z - GET /favicon.ico
2025-04-15T01:47:08.561Z - GET /api/api/token-trends
404错误: GET /api/api/token-trends
2025-04-15T01:47:08.567Z - GET /api/api/profit-trends
404错误: GET /api/api/profit-trends
2025-04-15T01:47:10.165Z - GET /api/api/pools
404错误: GET /api/api/pools
2025-04-15T01:47:11.738Z - GET /
2025-04-15T01:47:11.753Z - GET /js/dashboard.js
2025-04-15T01:47:11.753Z - GET /css/style.css
2025-04-15T01:47:11.754Z - GET /css/log-style.css
2025-04-15T01:47:11.755Z - GET /css/apple-log-style.css
2025-04-15T01:47:11.755Z - GET /img/logo.svg
2025-04-15T01:47:11.856Z - GET /api/api/pools
2025-04-15T01:47:11.859Z - GET /api/api/system/status
2025-04-15T01:47:11.859Z - GET /api/api/system/info
404错误: GET /api/api/pools
404错误: GET /api/api/system/status
404错误: GET /api/api/system/info
2025-04-15T01:47:11.863Z - GET /api/api/transactions
2025-04-15T01:47:11.863Z - GET /api/api/tokens
2025-04-15T01:47:11.864Z - GET /api/api/profit-summary
404错误: GET /api/api/transactions
404错误: GET /api/api/tokens
404错误: GET /api/api/profit-summary
2025-04-15T01:47:11.866Z - GET /favicon.ico
2025-04-15T01:47:11.915Z - GET /api/api/token-trends
404错误: GET /api/api/token-trends
2025-04-15T01:47:11.919Z - GET /api/api/profit-trends
404错误: GET /api/api/profit-trends
2025-04-15T01:47:12.358Z - GET /api/status
处理请求: /api/status
2025-04-15T01:47:13.984Z - GET /memory.html
2025-04-15T01:47:14.000Z - GET /css/style.css
2025-04-15T01:47:14.004Z - GET /img/logo.svg
2025-04-15T01:47:14.005Z - GET /css/memory.css
2025-04-15T01:47:14.005Z - GET /js/utils.js
2025-04-15T01:47:14.070Z - GET /js/memory.js
2025-04-15T01:47:14.082Z - GET /api/status
处理请求: /api/status
处理健康检查请求
2025-04-15T01:47:14.088Z - GET /api/memory_stats.json?t=1744681634086
处理请求: /api/memory_stats.json
2025-04-15T01:47:14.116Z - GET /api/status?t=1744681634115
处理请求: /api/status
2025-04-15T01:47:14.125Z - GET /favicon.ico
2025-04-15T01:47:18.608Z - GET /pools.html
2025-04-15T01:47:18.625Z - GET /css/style.css
2025-04-15T01:47:18.626Z - GET /js/utils.js
2025-04-15T01:47:18.627Z - GET /img/logo.svg
2025-04-15T01:47:18.721Z - GET /api/status
处理请求: /api/status
2025-04-15T01:47:18.730Z - GET /favicon.ico
2025-04-15T01:47:20.867Z - GET /index.html
2025-04-15T01:47:20.883Z - GET /css/style.css
2025-04-15T01:47:20.886Z - GET /js/dashboard.js
2025-04-15T01:47:20.887Z - GET /css/log-style.css
2025-04-15T01:47:20.888Z - GET /img/logo.svg
2025-04-15T01:47:20.889Z - GET /css/apple-log-style.css
2025-04-15T01:47:20.969Z - GET /api/api/pools
2025-04-15T01:47:20.969Z - GET /api/api/system/status
404错误: GET /api/api/pools
404错误: GET /api/api/system/status
2025-04-15T01:47:20.970Z - GET /api/api/system/info
2025-04-15T01:47:20.970Z - GET /api/api/transactions
2025-04-15T01:47:20.971Z - GET /api/api/tokens
404错误: GET /api/api/system/info
404错误: GET /api/api/transactions
404错误: GET /api/api/tokens
2025-04-15T01:47:20.971Z - GET /api/api/profit-summary
404错误: GET /api/api/profit-summary
2025-04-15T01:47:20.984Z - GET /favicon.ico
2025-04-15T01:47:21.035Z - GET /api/api/token-trends
404错误: GET /api/api/token-trends
2025-04-15T01:47:21.038Z - GET /api/api/profit-trends
404错误: GET /api/api/profit-trends
2025-04-15T01:47:21.470Z - GET /api/status
处理请求: /api/status
2025-04-15T01:47:23.970Z - GET /api/api/pools
404错误: GET /api/api/pools
2025-04-15T01:47:24.761Z - GET /css/style.css
2025-04-15T01:47:24.762Z - GET /css/log-style.css
2025-04-15T01:47:24.762Z - GET /css/apple-log-style.css
2025-04-15T01:47:41.410Z - GET /debug.html
404错误: GET /debug.html
2025-04-15T01:47:42.364Z - GET /debug.html
404错误: GET /debug.html
2025-04-15T01:47:42.605Z - GET /favicon.ico
服务器心跳检测 - 保持活跃
2025-04-15T01:47:51.313Z - GET /api/api/system/status
2025-04-15T01:47:51.315Z - GET /api/api/system/info
404错误: GET /api/api/system/status
404错误: GET /api/api/system/info
2025-04-15T01:47:51.316Z - GET /api/api/pools
404错误: GET /api/api/pools
2025-04-15T01:48:21.321Z - GET /api/api/system/status
2025-04-15T01:48:21.321Z - GET /api/api/system/info
2025-04-15T01:48:21.321Z - GET /api/api/pools
404错误: GET /api/api/system/status
404错误: GET /api/api/system/info
404错误: GET /api/api/pools
服务器心跳检测 - 保持活跃
2025-04-15T01:48:51.313Z - GET /api/api/system/status
2025-04-15T01:48:51.314Z - GET /api/api/system/info
404错误: GET /api/api/system/status
404错误: GET /api/api/system/info
2025-04-15T01:48:51.317Z - GET /api/api/pools
404错误: GET /api/api/pools
2025-04-15T01:49:21.313Z - GET /api/api/system/status
2025-04-15T01:49:21.313Z - GET /api/api/system/info
2025-04-15T01:49:21.313Z - GET /api/api/pools
404错误: GET /api/api/system/status
404错误: GET /api/api/system/info
404错误: GET /api/api/pools
2025-04-15T01:49:45.011Z - GET /api/status
处理请求: /api/status
服务器心跳检测 - 保持活跃
2025-04-15T01:49:48.945Z - GET /api/tokens
处理请求: /api/tokens
[INFO] 从Jupiter获取代币价格数据...
[WARN] 请求 https://quote-api.jup.ag/v4/price 失败，2次重试中...
[WARN] 请求 https://quote-api.jup.ag/v4/price 失败，1次重试中...
2025-04-15T01:49:51.313Z - GET /api/api/system/status
2025-04-15T01:49:51.314Z - GET /api/api/system/info
404错误: GET /api/api/system/status
404错误: GET /api/api/system/info
2025-04-15T01:49:51.315Z - GET /api/api/pools
404错误: GET /api/api/pools
[ERROR] 从Jupiter获取代币价格失败 Error: 请求失败: 530 undefined
    at fetchWithRetry (/Users/xinghailong/Documents/solana_MEVbot/solana_webbot/solana-data-provider.js:68:13)
    at process.processTicksAndRejections (node:internal/process/task_queues:95:5)
    at async getJupiterTokenPrices (/Users/xinghailong/Documents/solana_MEVbot/solana_webbot/solana-data-provider.js:153:22)
    at async getTokenInfo (/Users/xinghailong/Documents/solana_MEVbot/solana_webbot/solana-data-provider.js:195:19)
    at async Object.getTokensApiData (/Users/xinghailong/Documents/solana_MEVbot/solana_webbot/solana-data-provider.js:620:25)
    at async Object.response (/Users/xinghailong/Documents/solana_MEVbot/solana_webbot/simple-api-server.js:889:14)
    at async /Users/xinghailong/Documents/solana_MEVbot/solana_webbot/simple-api-server.js:1116:11
[WARN] Jupiter API获取失败，尝试其他来源
[INFO] 从Birdeye获取代币 So11111111111111111111111111111111111111112 价格数据...
[WARN] 请求 https://public-api.birdeye.so/public/price?address=So11111111111111111111111111111111111111112 失败，2次重试中...
[WARN] 请求 https://public-api.birdeye.so/public/price?address=So11111111111111111111111111111111111111112 失败，1次重试中...
[ERROR] 从Birdeye获取代币 So11111111111111111111111111111111111111112 价格失败 Error: 请求失败: 404 Not Found
    at fetchWithRetry (/Users/xinghailong/Documents/solana_MEVbot/solana_webbot/solana-data-provider.js:68:13)
    at process.processTicksAndRejections (node:internal/process/task_queues:95:5)
    at async getBirdeyeTokenPrice (/Users/xinghailong/Documents/solana_MEVbot/solana_webbot/solana-data-provider.js:170:22)
    at async getTokenInfo (/Users/xinghailong/Documents/solana_MEVbot/solana_webbot/solana-data-provider.js:211:22)
    at async Object.getTokensApiData (/Users/xinghailong/Documents/solana_MEVbot/solana_webbot/solana-data-provider.js:620:25)
    at async Object.response (/Users/xinghailong/Documents/solana_MEVbot/solana_webbot/simple-api-server.js:889:14)
    at async /Users/xinghailong/Documents/solana_MEVbot/solana_webbot/simple-api-server.js:1116:11
[INFO] 从Birdeye获取代币 EPjFWdd5AufqSSqeM2qN1xzybapC8G4wEGGkZwyTDt1v 价格数据...
[WARN] 请求 https://public-api.birdeye.so/public/price?address=EPjFWdd5AufqSSqeM2qN1xzybapC8G4wEGGkZwyTDt1v 失败，2次重试中...
[WARN] 请求 https://public-api.birdeye.so/public/price?address=EPjFWdd5AufqSSqeM2qN1xzybapC8G4wEGGkZwyTDt1v 失败，1次重试中...
[ERROR] 从Birdeye获取代币 EPjFWdd5AufqSSqeM2qN1xzybapC8G4wEGGkZwyTDt1v 价格失败 Error: 请求失败: 404 Not Found
    at fetchWithRetry (/Users/xinghailong/Documents/solana_MEVbot/solana_webbot/solana-data-provider.js:68:13)
    at process.processTicksAndRejections (node:internal/process/task_queues:95:5)
    at async getBirdeyeTokenPrice (/Users/xinghailong/Documents/solana_MEVbot/solana_webbot/solana-data-provider.js:170:22)
    at async getTokenInfo (/Users/xinghailong/Documents/solana_MEVbot/solana_webbot/solana-data-provider.js:211:22)
    at async Object.getTokensApiData (/Users/xinghailong/Documents/solana_MEVbot/solana_webbot/solana-data-provider.js:620:25)
    at async Object.response (/Users/xinghailong/Documents/solana_MEVbot/solana_webbot/simple-api-server.js:889:14)
    at async /Users/xinghailong/Documents/solana_MEVbot/solana_webbot/simple-api-server.js:1116:11
[INFO] 从Birdeye获取代币 Es9vMFrzaCERmJfrF4H2FYD4KCoNkY11McCe8BenwNYB 价格数据...
[WARN] 请求 https://public-api.birdeye.so/public/price?address=Es9vMFrzaCERmJfrF4H2FYD4KCoNkY11McCe8BenwNYB 失败，2次重试中...
[WARN] 请求 https://public-api.birdeye.so/public/price?address=Es9vMFrzaCERmJfrF4H2FYD4KCoNkY11McCe8BenwNYB 失败，1次重试中...
[ERROR] 从Birdeye获取代币 Es9vMFrzaCERmJfrF4H2FYD4KCoNkY11McCe8BenwNYB 价格失败 Error: 请求失败: 404 Not Found
    at fetchWithRetry (/Users/xinghailong/Documents/solana_MEVbot/solana_webbot/solana-data-provider.js:68:13)
    at process.processTicksAndRejections (node:internal/process/task_queues:95:5)
    at async getBirdeyeTokenPrice (/Users/xinghailong/Documents/solana_MEVbot/solana_webbot/solana-data-provider.js:170:22)
    at async getTokenInfo (/Users/xinghailong/Documents/solana_MEVbot/solana_webbot/solana-data-provider.js:211:22)
    at async Object.getTokensApiData (/Users/xinghailong/Documents/solana_MEVbot/solana_webbot/solana-data-provider.js:620:25)
    at async Object.response (/Users/xinghailong/Documents/solana_MEVbot/solana_webbot/simple-api-server.js:889:14)
    at async /Users/xinghailong/Documents/solana_MEVbot/solana_webbot/simple-api-server.js:1116:11
[INFO] 从Birdeye获取代币 DezXAZ8z7PnrnRJjz3wXBoRgixCa6xjnB7YaB1pPB263 价格数据...
[WARN] 请求 https://public-api.birdeye.so/public/price?address=DezXAZ8z7PnrnRJjz3wXBoRgixCa6xjnB7YaB1pPB263 失败，2次重试中...
[WARN] 请求 https://public-api.birdeye.so/public/price?address=DezXAZ8z7PnrnRJjz3wXBoRgixCa6xjnB7YaB1pPB263 失败，1次重试中...
[ERROR] 从Birdeye获取代币 DezXAZ8z7PnrnRJjz3wXBoRgixCa6xjnB7YaB1pPB263 价格失败 Error: 请求失败: 404 Not Found
    at fetchWithRetry (/Users/xinghailong/Documents/solana_MEVbot/solana_webbot/solana-data-provider.js:68:13)
    at process.processTicksAndRejections (node:internal/process/task_queues:95:5)
    at async getBirdeyeTokenPrice (/Users/xinghailong/Documents/solana_MEVbot/solana_webbot/solana-data-provider.js:170:22)
    at async getTokenInfo (/Users/xinghailong/Documents/solana_MEVbot/solana_webbot/solana-data-provider.js:211:22)
    at async Object.getTokensApiData (/Users/xinghailong/Documents/solana_MEVbot/solana_webbot/solana-data-provider.js:620:25)
    at async Object.response (/Users/xinghailong/Documents/solana_MEVbot/solana_webbot/simple-api-server.js:889:14)
    at async /Users/xinghailong/Documents/solana_MEVbot/solana_webbot/simple-api-server.js:1116:11
[INFO] 从Birdeye获取代币 mSoLzYCxHdYgdzU16g5QSh3i5K3z3KZK7ytfqcJm7So 价格数据...
[WARN] 请求 https://public-api.birdeye.so/public/price?address=mSoLzYCxHdYgdzU16g5QSh3i5K3z3KZK7ytfqcJm7So 失败，2次重试中...
[WARN] 请求 https://public-api.birdeye.so/public/price?address=mSoLzYCxHdYgdzU16g5QSh3i5K3z3KZK7ytfqcJm7So 失败，1次重试中...
[ERROR] 从Birdeye获取代币 mSoLzYCxHdYgdzU16g5QSh3i5K3z3KZK7ytfqcJm7So 价格失败 Error: 请求失败: 404 Not Found
    at fetchWithRetry (/Users/xinghailong/Documents/solana_MEVbot/solana_webbot/solana-data-provider.js:68:13)
    at process.processTicksAndRejections (node:internal/process/task_queues:95:5)
    at async getBirdeyeTokenPrice (/Users/xinghailong/Documents/solana_MEVbot/solana_webbot/solana-data-provider.js:170:22)
    at async getTokenInfo (/Users/xinghailong/Documents/solana_MEVbot/solana_webbot/solana-data-provider.js:211:22)
    at async Object.getTokensApiData (/Users/xinghailong/Documents/solana_MEVbot/solana_webbot/solana-data-provider.js:620:25)
    at async Object.response (/Users/xinghailong/Documents/solana_MEVbot/solana_webbot/simple-api-server.js:889:14)
    at async /Users/xinghailong/Documents/solana_MEVbot/solana_webbot/simple-api-server.js:1116:11
[WARN] 无法从任何来源获取代币数据，使用模拟数据
2025-04-15T01:50:11.698Z - GET /api/pools
处理请求: /api/pools
[INFO] 获取流动池数据...
[INFO] 创建到 https://api.mainnet-beta.solana.com 的新连接
[INFO] 使用缓存的代币价格数据
[WARN] 请求 https://quote-api.jup.ag/v4/price/change?ids=So11111111111111111111111111111111111111112 失败，2次重试中...
[WARN] 请求 https://quote-api.jup.ag/v4/price/change?ids=DezXAZ8z7PnrnRJjz3wXBoRgixCa6xjnB7YaB1pPB263 失败，2次重试中...
[WARN] 请求 https://quote-api.jup.ag/v4/price/change?ids=So11111111111111111111111111111111111111112 失败，2次重试中...
[WARN] 请求 https://quote-api.jup.ag/v4/price/change?ids=4k3Dyjzvzp8eMZWUXbBCjEvwSkkk59S5iCNLY3QrkX6R 失败，2次重试中...
[WARN] 请求 https://quote-api.jup.ag/v4/price/change?ids=rndrizKT3MK1iimdxRdWabcF7Zg7AR5T4nud4EkHBof 失败，2次重试中...
[WARN] 请求 https://quote-api.jup.ag/v4/price/change?ids=So11111111111111111111111111111111111111112 失败，2次重试中...
[WARN] 请求 https://quote-api.jup.ag/v4/price/change?ids=EPjFWdd5AufqSSqeM2qN1xzybapC8G4wEGGkZwyTDt1v 失败，2次重试中...
[WARN] 请求 https://quote-api.jup.ag/v4/price/change?ids=orcaEKTdK7LKz57vaAYr9QeNsVEPfiu6QeMU1kektZE 失败，2次重试中...
[WARN] 请求 https://quote-api.jup.ag/v4/price/change?ids=HZ1JovNiVvGrGNiiYvEozEVgZ58xaU3RKwX8eACQBCt3 失败，2次重试中...
[WARN] 请求 https://quote-api.jup.ag/v4/price/change?ids=MangoCzJ36AjZyKwVj3VnYU4GTonjfVEnJmvvWaxLac 失败，2次重试中...
[WARN] 请求 https://quote-api.jup.ag/v4/price/change?ids=rndrizKT3MK1iimdxRdWabcF7Zg7AR5T4nud4EkHBof 失败，1次重试中...
[WARN] 请求 https://quote-api.jup.ag/v4/price/change?ids=So11111111111111111111111111111111111111112 失败，1次重试中...
[WARN] 请求 https://quote-api.jup.ag/v4/price/change?ids=orcaEKTdK7LKz57vaAYr9QeNsVEPfiu6QeMU1kektZE 失败，1次重试中...
[WARN] 请求 https://quote-api.jup.ag/v4/price/change?ids=4k3Dyjzvzp8eMZWUXbBCjEvwSkkk59S5iCNLY3QrkX6R 失败，1次重试中...
[WARN] 请求 https://quote-api.jup.ag/v4/price/change?ids=EPjFWdd5AufqSSqeM2qN1xzybapC8G4wEGGkZwyTDt1v 失败，1次重试中...
[WARN] 请求 https://quote-api.jup.ag/v4/price/change?ids=So11111111111111111111111111111111111111112 失败，1次重试中...
[WARN] 请求 https://quote-api.jup.ag/v4/price/change?ids=So11111111111111111111111111111111111111112 失败，1次重试中...
[WARN] 请求 https://quote-api.jup.ag/v4/price/change?ids=DezXAZ8z7PnrnRJjz3wXBoRgixCa6xjnB7YaB1pPB263 失败，1次重试中...
[WARN] 请求 https://quote-api.jup.ag/v4/price/change?ids=MangoCzJ36AjZyKwVj3VnYU4GTonjfVEnJmvvWaxLac 失败，1次重试中...
[WARN] 请求 https://quote-api.jup.ag/v4/price/change?ids=HZ1JovNiVvGrGNiiYvEozEVgZ58xaU3RKwX8eACQBCt3 失败，1次重试中...
[WARN] 从Jupiter获取价格变化失败: 请求失败: 530 undefined
[WARN] 从Jupiter获取价格变化失败: 请求失败: 530 undefined
[WARN] 从Jupiter获取价格变化失败: 请求失败: 530 undefined
[WARN] 从Jupiter获取价格变化失败: 请求失败: 530 undefined
[WARN] 从Jupiter获取价格变化失败: 请求失败: 530 undefined
[WARN] 从Jupiter获取价格变化失败: 请求失败: 530 undefined
[WARN] 从Jupiter获取价格变化失败: 请求失败: 530 undefined
[WARN] 从Jupiter获取价格变化失败: 请求失败: 530 undefined
[WARN] 从Jupiter获取价格变化失败: 请求失败: 530 undefined
[WARN] 从Jupiter获取价格变化失败: 请求失败: 530 undefined
[WARN] 请求 https://public-api.birdeye.so/public/price/change?address=orcaEKTdK7LKz57vaAYr9QeNsVEPfiu6QeMU1kektZE&type=day 失败，2次重试中...
[WARN] 请求 https://public-api.birdeye.so/public/price/change?address=rndrizKT3MK1iimdxRdWabcF7Zg7AR5T4nud4EkHBof&type=day 失败，2次重试中...
[WARN] 请求 https://public-api.birdeye.so/public/price/change?address=DezXAZ8z7PnrnRJjz3wXBoRgixCa6xjnB7YaB1pPB263&type=day 失败，2次重试中...
[WARN] 请求 https://public-api.birdeye.so/public/price/change?address=So11111111111111111111111111111111111111112&type=day 失败，2次重试中...
[WARN] 请求 https://public-api.birdeye.so/public/price/change?address=So11111111111111111111111111111111111111112&type=day 失败，2次重试中...
[WARN] 请求 https://public-api.birdeye.so/public/price/change?address=HZ1JovNiVvGrGNiiYvEozEVgZ58xaU3RKwX8eACQBCt3&type=day 失败，2次重试中...
[WARN] 请求 https://public-api.birdeye.so/public/price/change?address=EPjFWdd5AufqSSqeM2qN1xzybapC8G4wEGGkZwyTDt1v&type=day 失败，2次重试中...
[WARN] 请求 https://public-api.birdeye.so/public/price/change?address=So11111111111111111111111111111111111111112&type=day 失败，2次重试中...
[WARN] 请求 https://public-api.birdeye.so/public/price/change?address=4k3Dyjzvzp8eMZWUXbBCjEvwSkkk59S5iCNLY3QrkX6R&type=day 失败，2次重试中...
[WARN] 请求 https://public-api.birdeye.so/public/price/change?address=MangoCzJ36AjZyKwVj3VnYU4GTonjfVEnJmvvWaxLac&type=day 失败，2次重试中...
[WARN] 请求 https://public-api.birdeye.so/public/price/change?address=orcaEKTdK7LKz57vaAYr9QeNsVEPfiu6QeMU1kektZE&type=day 失败，1次重试中...
[WARN] 请求 https://public-api.birdeye.so/public/price/change?address=DezXAZ8z7PnrnRJjz3wXBoRgixCa6xjnB7YaB1pPB263&type=day 失败，1次重试中...
[WARN] 请求 https://public-api.birdeye.so/public/price/change?address=So11111111111111111111111111111111111111112&type=day 失败，1次重试中...
[WARN] 请求 https://public-api.birdeye.so/public/price/change?address=rndrizKT3MK1iimdxRdWabcF7Zg7AR5T4nud4EkHBof&type=day 失败，1次重试中...
[WARN] 请求 https://public-api.birdeye.so/public/price/change?address=So11111111111111111111111111111111111111112&type=day 失败，1次重试中...
[WARN] 请求 https://public-api.birdeye.so/public/price/change?address=HZ1JovNiVvGrGNiiYvEozEVgZ58xaU3RKwX8eACQBCt3&type=day 失败，1次重试中...
[WARN] 请求 https://public-api.birdeye.so/public/price/change?address=EPjFWdd5AufqSSqeM2qN1xzybapC8G4wEGGkZwyTDt1v&type=day 失败，1次重试中...
[WARN] 请求 https://public-api.birdeye.so/public/price/change?address=So11111111111111111111111111111111111111112&type=day 失败，1次重试中...
[WARN] 请求 https://public-api.birdeye.so/public/price/change?address=4k3Dyjzvzp8eMZWUXbBCjEvwSkkk59S5iCNLY3QrkX6R&type=day 失败，1次重试中...
[WARN] 请求 https://public-api.birdeye.so/public/price/change?address=MangoCzJ36AjZyKwVj3VnYU4GTonjfVEnJmvvWaxLac&type=day 失败，1次重试中...
[WARN] 从Birdeye获取价格变化失败: 请求失败: 404 Not Found
[WARN] 从Birdeye获取价格变化失败: 请求失败: 404 Not Found
[WARN] 从Birdeye获取价格变化失败: 请求失败: 404 Not Found
[WARN] 从Birdeye获取价格变化失败: 请求失败: 404 Not Found
[WARN] 从Birdeye获取价格变化失败: 请求失败: 404 Not Found
[WARN] 从Birdeye获取价格变化失败: 请求失败: 404 Not Found
[WARN] 从Birdeye获取价格变化失败: 请求失败: 404 Not Found
[WARN] 从Birdeye获取价格变化失败: 请求失败: 404 Not Found
[WARN] 从Birdeye获取价格变化失败: 请求失败: 404 Not Found
[WARN] 从Birdeye获取价格变化失败: 请求失败: 404 Not Found
[INFO] 成功获取10个流动池数据
2025-04-15T01:50:23.095Z - HEAD /tokens.html
2025-04-15T01:50:30.146Z - HEAD /pools.html
2025-04-15T01:50:30.313Z - GET /api/api/system/status
404错误: GET /api/api/system/status
2025-04-15T01:50:30.314Z - GET /api/api/system/info
2025-04-15T01:50:30.314Z - GET /api/api/pools
404错误: GET /api/api/system/info
404错误: GET /api/api/pools
2025-04-15T01:50:33.071Z - HEAD /memory.html
2025-04-15T01:50:40.450Z - HEAD /debug.html
404错误: HEAD /debug.html
服务器心跳检测 - 保持活跃
2025-04-15T01:50:52.235Z - GET /api-list.html
修正API路径: /api-list.html -> /api/-list.html
404错误: GET /api/-list.html
2025-04-15T01:51:30.312Z - GET /api/api/system/status
2025-04-15T01:51:30.313Z - GET /api/api/system/info
2025-04-15T01:51:30.313Z - GET /api/api/pools
404错误: GET /api/api/system/status
404错误: GET /api/api/system/info
404错误: GET /api/api/pools
服务器心跳检测 - 保持活跃
2025-04-15T01:52:30.316Z - GET /api/api/system/status
2025-04-15T01:52:30.316Z - GET /api/api/system/info
2025-04-15T01:52:30.317Z - GET /api/api/pools
404错误: GET /api/api/system/status
404错误: GET /api/api/system/info
404错误: GET /api/api/pools
服务器心跳检测 - 保持活跃
2025-04-15T01:53:30.315Z - GET /api/api/system/status
404错误: GET /api/api/system/status
2025-04-15T01:53:30.317Z - GET /api/api/system/info
404错误: GET /api/api/system/info
2025-04-15T01:53:30.318Z - GET /api/api/pools
404错误: GET /api/api/pools
服务器心跳检测 - 保持活跃
2025-04-15T01:54:30.311Z - GET /api/api/system/status
2025-04-15T01:54:30.311Z - GET /api/api/system/info
2025-04-15T01:54:30.311Z - GET /api/api/pools
404错误: GET /api/api/system/status
404错误: GET /api/api/system/info
404错误: GET /api/api/pools
服务器心跳检测 - 保持活跃
