简单API服务器已启动，监听端口 8080
可以通过 http://localhost:8080/api-monitor.html 访问API监控页面
可以通过 http://localhost:8080/api/list 获取所有API列表
已注册以下API路由:
- GET /api/system/status
- GET /api/token-trends
- GET /api/profit-trends
- GET /api/transactions
- GET /api/tokens
- GET /api/pools
- GET /api/memory_stats.json
- GET /api/status
- GET /api/tokens/blacklist
- GET /api/tokens/whitelist
- GET /api/profit/summary
- GET /api/logs
- GET /api/status (额外保证)
- GET /api/memory_stats.json (额外保证)
服务器正在运行中...
2025-04-13T18:18:54.580Z - GET /api-list.html
2025-04-13T18:18:55.012Z - GET /api/list
2025-04-13T18:18:55.017Z - GET /favicon.ico
处理日志请求
2025-04-13T18:19:08.286Z - GET /api/system/status
处理请求: /api/system/status
2025-04-13T18:19:10.760Z - GET /api/token-trends
处理请求: /api/token-trends
